2022-04-19 14:50:27,069 INFO    MainThread:26509 [internal.py:wandb_internal():92] W&B internal server running at pid: 26509, started at: 2022-04-19 14:50:27.068845
2022-04-19 14:50:27,072 INFO    WriterThread:26509 [datastore.py:open_for_write():77] open: /MOCOMSYS/dev/bong/WandB/wandb/run-20220419_145026-cy4xwr32/run-cy4xwr32.wandb
2022-04-19 14:50:27,076 DEBUG   SenderThread:26509 [sender.py:send():235] send: header
2022-04-19 14:50:27,076 DEBUG   SenderThread:26509 [sender.py:send():235] send: run
2022-04-19 14:50:27,346 INFO    SenderThread:26509 [dir_watcher.py:__init__():169] watching files in: /MOCOMSYS/dev/bong/WandB/wandb/run-20220419_145026-cy4xwr32/files
2022-04-19 14:50:27,346 INFO    SenderThread:26509 [sender.py:_start_run_threads():812] run started: cy4xwr32 with start time 1650347426
2022-04-19 14:50:27,346 DEBUG   SenderThread:26509 [sender.py:send():235] send: summary
2022-04-19 14:50:27,347 INFO    SenderThread:26509 [sender.py:_save_file():947] saving file wandb-summary.json with policy end
2022-04-19 14:50:27,348 DEBUG   HandlerThread:26509 [handler.py:handle_request():141] handle_request: check_version
2022-04-19 14:50:27,348 DEBUG   SenderThread:26509 [sender.py:send_request():249] send_request: check_version
2022-04-19 14:50:27,409 DEBUG   HandlerThread:26509 [handler.py:handle_request():141] handle_request: run_start
2022-04-19 14:50:27,417 DEBUG   HandlerThread:26509 [meta.py:__init__():37] meta init
2022-04-19 14:50:27,417 DEBUG   HandlerThread:26509 [meta.py:__init__():51] meta init done
2022-04-19 14:50:27,417 DEBUG   HandlerThread:26509 [meta.py:probe():211] probe
2022-04-19 14:50:27,424 DEBUG   HandlerThread:26509 [meta.py:_setup_git():201] setup git
2022-04-19 14:50:27,457 DEBUG   HandlerThread:26509 [meta.py:_setup_git():208] setup git done
2022-04-19 14:50:27,458 DEBUG   HandlerThread:26509 [meta.py:_save_pip():55] save pip
2022-04-19 14:50:27,459 DEBUG   HandlerThread:26509 [meta.py:_save_pip():69] save pip done
2022-04-19 14:50:27,460 DEBUG   HandlerThread:26509 [meta.py:_save_conda():76] save conda
2022-04-19 14:50:28,352 INFO    Thread-7  :26509 [dir_watcher.py:_on_file_created():217] file/dir created: /MOCOMSYS/dev/bong/WandB/wandb/run-20220419_145026-cy4xwr32/files/conda-environment.yaml
2022-04-19 14:50:28,353 INFO    Thread-7  :26509 [dir_watcher.py:_on_file_created():217] file/dir created: /MOCOMSYS/dev/bong/WandB/wandb/run-20220419_145026-cy4xwr32/files/wandb-summary.json
2022-04-19 14:50:28,354 INFO    Thread-7  :26509 [dir_watcher.py:_on_file_created():217] file/dir created: /MOCOMSYS/dev/bong/WandB/wandb/run-20220419_145026-cy4xwr32/files/requirements.txt
2022-04-19 14:50:33,358 INFO    Thread-7  :26509 [dir_watcher.py:_on_file_modified():230] file/dir modified: /MOCOMSYS/dev/bong/WandB/wandb/run-20220419_145026-cy4xwr32/files/conda-environment.yaml
2022-04-19 14:50:33,358 INFO    Thread-7  :26509 [dir_watcher.py:_on_file_created():217] file/dir created: /MOCOMSYS/dev/bong/WandB/wandb/run-20220419_145026-cy4xwr32/files/output.log
2022-04-19 14:50:33,475 DEBUG   HandlerThread:26509 [meta.py:_save_conda():86] save conda done
2022-04-19 14:50:33,475 DEBUG   HandlerThread:26509 [meta.py:probe():249] probe done
2022-04-19 14:50:33,712 DEBUG   HandlerThread:26509 [handler.py:handle_request():141] handle_request: stop_status
2022-04-19 14:50:33,713 DEBUG   SenderThread:26509 [sender.py:send_request():249] send_request: stop_status
2022-04-19 14:50:34,021 DEBUG   SenderThread:26509 [sender.py:send():235] send: telemetry
2022-04-19 14:50:34,021 DEBUG   SenderThread:26509 [sender.py:send():235] send: files
2022-04-19 14:50:34,021 INFO    SenderThread:26509 [sender.py:_save_file():947] saving file wandb-metadata.json with policy now
2022-04-19 14:50:34,358 INFO    Thread-7  :26509 [dir_watcher.py:_on_file_created():217] file/dir created: /MOCOMSYS/dev/bong/WandB/wandb/run-20220419_145026-cy4xwr32/files/wandb-metadata.json
2022-04-19 14:50:34,568 INFO    Thread-11 :26509 [upload_job.py:push():137] Uploaded file /tmp/tmp50h9dmdrwandb/3bqu6u9o-wandb-metadata.json
2022-04-19 14:50:35,360 INFO    Thread-7  :26509 [dir_watcher.py:_on_file_modified():230] file/dir modified: /MOCOMSYS/dev/bong/WandB/wandb/run-20220419_145026-cy4xwr32/files/output.log
2022-04-19 14:50:49,025 DEBUG   HandlerThread:26509 [handler.py:handle_request():141] handle_request: stop_status
2022-04-19 14:50:49,025 DEBUG   SenderThread:26509 [sender.py:send_request():249] send_request: stop_status
2022-04-19 14:50:50,789 DEBUG   HandlerThread:26509 [handler.py:handle_request():141] handle_request: partial_history
2022-04-19 14:50:53,374 INFO    Thread-7  :26509 [dir_watcher.py:_on_file_modified():230] file/dir modified: /MOCOMSYS/dev/bong/WandB/wandb/run-20220419_145026-cy4xwr32/files/output.log
2022-04-19 14:50:59,772 DEBUG   HandlerThread:26509 [handler.py:handle_request():141] handle_request: partial_history
2022-04-19 14:51:01,378 INFO    Thread-7  :26509 [dir_watcher.py:_on_file_modified():230] file/dir modified: /MOCOMSYS/dev/bong/WandB/wandb/run-20220419_145026-cy4xwr32/files/output.log
2022-04-19 14:51:08,715 DEBUG   HandlerThread:26509 [handler.py:handle_request():141] handle_request: partial_history
2022-04-19 14:51:09,028 DEBUG   HandlerThread:26509 [handler.py:handle_request():141] handle_request: stop_status
2022-04-19 14:51:11,384 INFO    Thread-7  :26509 [dir_watcher.py:_on_file_modified():230] file/dir modified: /MOCOMSYS/dev/bong/WandB/wandb/run-20220419_145026-cy4xwr32/files/output.log
2022-04-19 14:51:17,663 DEBUG   HandlerThread:26509 [handler.py:handle_request():141] handle_request: partial_history
2022-04-19 14:51:19,388 INFO    Thread-7  :26509 [dir_watcher.py:_on_file_modified():230] file/dir modified: /MOCOMSYS/dev/bong/WandB/wandb/run-20220419_145026-cy4xwr32/files/output.log
2022-04-19 14:51:26,679 DEBUG   HandlerThread:26509 [handler.py:handle_request():141] handle_request: partial_history
2022-04-19 14:51:29,043 DEBUG   HandlerThread:26509 [handler.py:handle_request():141] handle_request: stop_status
2022-04-19 14:51:29,395 INFO    Thread-7  :26509 [dir_watcher.py:_on_file_modified():230] file/dir modified: /MOCOMSYS/dev/bong/WandB/wandb/run-20220419_145026-cy4xwr32/files/output.log
2022-04-19 14:51:35,756 DEBUG   HandlerThread:26509 [handler.py:handle_request():141] handle_request: partial_history
2022-04-19 14:51:37,399 INFO    Thread-7  :26509 [dir_watcher.py:_on_file_modified():230] file/dir modified: /MOCOMSYS/dev/bong/WandB/wandb/run-20220419_145026-cy4xwr32/files/output.log
2022-04-19 14:51:44,818 DEBUG   HandlerThread:26509 [handler.py:handle_request():141] handle_request: partial_history
2022-04-19 14:51:47,405 INFO    Thread-7  :26509 [dir_watcher.py:_on_file_modified():230] file/dir modified: /MOCOMSYS/dev/bong/WandB/wandb/run-20220419_145026-cy4xwr32/files/output.log
2022-04-19 14:51:49,053 DEBUG   HandlerThread:26509 [handler.py:handle_request():141] handle_request: stop_status
2022-04-19 14:51:53,504 DEBUG   HandlerThread:26509 [handler.py:handle_request():141] handle_request: partial_history
2022-04-19 14:51:55,413 INFO    Thread-7  :26509 [dir_watcher.py:_on_file_modified():230] file/dir modified: /MOCOMSYS/dev/bong/WandB/wandb/run-20220419_145026-cy4xwr32/files/output.log
2022-04-19 14:52:02,317 ERROR   SenderThread:26509 [retry.py:__call__():126] Retry attempt failed:
Traceback (most recent call last):
  File "/MOCOMSYS/anaconda3/envs/bong/lib/python3.9/site-packages/urllib3/connection.py", line 174, in _new_conn
    conn = connection.create_connection(
  File "/MOCOMSYS/anaconda3/envs/bong/lib/python3.9/site-packages/urllib3/util/connection.py", line 72, in create_connection
    for res in socket.getaddrinfo(host, port, family, socket.SOCK_STREAM):
  File "/MOCOMSYS/anaconda3/envs/bong/lib/python3.9/socket.py", line 954, in getaddrinfo
    for res in _socket.getaddrinfo(host, port, family, type, proto, flags):
socket.gaierror: [Errno -2] Name or service not known

During handling of the above exception, another exception occurred:

Traceback (most recent call last):
  File "/MOCOMSYS/anaconda3/envs/bong/lib/python3.9/site-packages/urllib3/connectionpool.py", line 703, in urlopen
    httplib_response = self._make_request(
  File "/MOCOMSYS/anaconda3/envs/bong/lib/python3.9/site-packages/urllib3/connectionpool.py", line 386, in _make_request
    self._validate_conn(conn)
  File "/MOCOMSYS/anaconda3/envs/bong/lib/python3.9/site-packages/urllib3/connectionpool.py", line 1040, in _validate_conn
    conn.connect()
  File "/MOCOMSYS/anaconda3/envs/bong/lib/python3.9/site-packages/urllib3/connection.py", line 358, in connect
    conn = self._new_conn()
  File "/MOCOMSYS/anaconda3/envs/bong/lib/python3.9/site-packages/urllib3/connection.py", line 186, in _new_conn
    raise NewConnectionError(
urllib3.exceptions.NewConnectionError: <urllib3.connection.HTTPSConnection object at 0x7f42f6a7d460>: Failed to establish a new connection: [Errno -2] Name or service not known

During handling of the above exception, another exception occurred:

Traceback (most recent call last):
  File "/MOCOMSYS/anaconda3/envs/bong/lib/python3.9/site-packages/requests/adapters.py", line 440, in send
    resp = conn.urlopen(
  File "/MOCOMSYS/anaconda3/envs/bong/lib/python3.9/site-packages/urllib3/connectionpool.py", line 785, in urlopen
    retries = retries.increment(
  File "/MOCOMSYS/anaconda3/envs/bong/lib/python3.9/site-packages/urllib3/util/retry.py", line 592, in increment
    raise MaxRetryError(_pool, url, error or ResponseError(cause))
urllib3.exceptions.MaxRetryError: HTTPSConnectionPool(host='api.wandb.ai', port=443): Max retries exceeded with url: /graphql (Caused by NewConnectionError('<urllib3.connection.HTTPSConnection object at 0x7f42f6a7d460>: Failed to establish a new connection: [Errno -2] Name or service not known'))

During handling of the above exception, another exception occurred:

Traceback (most recent call last):
  File "/MOCOMSYS/anaconda3/envs/bong/lib/python3.9/site-packages/wandb/sdk/lib/retry.py", line 102, in __call__
    result = self._call_fn(*args, **kwargs)
  File "/MOCOMSYS/anaconda3/envs/bong/lib/python3.9/site-packages/wandb/sdk/internal/internal_api.py", line 141, in execute
    return self.client.execute(*args, **kwargs)
  File "/MOCOMSYS/anaconda3/envs/bong/lib/python3.9/site-packages/wandb/vendor/gql-0.2.0/wandb_gql/client.py", line 52, in execute
    result = self._get_result(document, *args, **kwargs)
  File "/MOCOMSYS/anaconda3/envs/bong/lib/python3.9/site-packages/wandb/vendor/gql-0.2.0/wandb_gql/client.py", line 60, in _get_result
    return self.transport.execute(document, *args, **kwargs)
  File "/MOCOMSYS/anaconda3/envs/bong/lib/python3.9/site-packages/wandb/vendor/gql-0.2.0/wandb_gql/transport/requests.py", line 38, in execute
    request = requests.post(self.url, **post_args)
  File "/MOCOMSYS/anaconda3/envs/bong/lib/python3.9/site-packages/requests/api.py", line 117, in post
    return request('post', url, data=data, json=json, **kwargs)
  File "/MOCOMSYS/anaconda3/envs/bong/lib/python3.9/site-packages/requests/api.py", line 61, in request
    return session.request(method=method, url=url, **kwargs)
  File "/MOCOMSYS/anaconda3/envs/bong/lib/python3.9/site-packages/requests/sessions.py", line 529, in request
    resp = self.send(prep, **send_kwargs)
  File "/MOCOMSYS/anaconda3/envs/bong/lib/python3.9/site-packages/requests/sessions.py", line 645, in send
    r = adapter.send(request, **kwargs)
  File "/MOCOMSYS/anaconda3/envs/bong/lib/python3.9/site-packages/requests/adapters.py", line 519, in send
    raise ConnectionError(e, request=request)
requests.exceptions.ConnectionError: HTTPSConnectionPool(host='api.wandb.ai', port=443): Max retries exceeded with url: /graphql (Caused by NewConnectionError('<urllib3.connection.HTTPSConnection object at 0x7f42f6a7d460>: Failed to establish a new connection: [Errno -2] Name or service not known'))
2022-04-19 14:52:02,590 DEBUG   HandlerThread:26509 [handler.py:handle_request():141] handle_request: partial_history
2022-04-19 14:52:03,418 INFO    Thread-7  :26509 [dir_watcher.py:_on_file_modified():230] file/dir modified: /MOCOMSYS/dev/bong/WandB/wandb/run-20220419_145026-cy4xwr32/files/output.log
2022-04-19 14:52:05,420 INFO    Thread-7  :26509 [dir_watcher.py:_on_file_modified():230] file/dir modified: /MOCOMSYS/dev/bong/WandB/wandb/run-20220419_145026-cy4xwr32/files/output.log
2022-04-19 14:52:09,060 DEBUG   HandlerThread:26509 [handler.py:handle_request():141] handle_request: stop_status
2022-04-19 14:52:11,561 DEBUG   HandlerThread:26509 [handler.py:handle_request():141] handle_request: partial_history
2022-04-19 14:52:11,904 DEBUG   SenderThread:26509 [sender.py:send():235] send: history
2022-04-19 14:52:11,905 DEBUG   SenderThread:26509 [sender.py:send():235] send: summary
2022-04-19 14:52:11,908 INFO    SenderThread:26509 [sender.py:_save_file():947] saving file wandb-summary.json with policy end
2022-04-19 14:52:11,909 DEBUG   SenderThread:26509 [sender.py:send():235] send: stats
2022-04-19 14:52:11,910 DEBUG   SenderThread:26509 [sender.py:send():235] send: history
2022-04-19 14:52:11,910 DEBUG   SenderThread:26509 [sender.py:send():235] send: summary
2022-04-19 14:52:11,911 INFO    SenderThread:26509 [sender.py:_save_file():947] saving file wandb-summary.json with policy end
2022-04-19 14:52:11,911 DEBUG   SenderThread:26509 [sender.py:send():235] send: history
2022-04-19 14:52:11,911 DEBUG   SenderThread:26509 [sender.py:send():235] send: summary
2022-04-19 14:52:11,912 INFO    SenderThread:26509 [sender.py:_save_file():947] saving file wandb-summary.json with policy end
2022-04-19 14:52:11,912 DEBUG   SenderThread:26509 [sender.py:send_request():249] send_request: stop_status
2022-04-19 14:52:12,140 DEBUG   SenderThread:26509 [sender.py:send():235] send: history
2022-04-19 14:52:12,141 DEBUG   SenderThread:26509 [sender.py:send():235] send: summary
2022-04-19 14:52:12,141 INFO    SenderThread:26509 [sender.py:_save_file():947] saving file wandb-summary.json with policy end
2022-04-19 14:52:12,142 DEBUG   SenderThread:26509 [sender.py:send():235] send: history
2022-04-19 14:52:12,143 DEBUG   SenderThread:26509 [sender.py:send():235] send: summary
2022-04-19 14:52:12,143 INFO    SenderThread:26509 [sender.py:_save_file():947] saving file wandb-summary.json with policy end
2022-04-19 14:52:12,144 DEBUG   SenderThread:26509 [sender.py:send():235] send: stats
2022-04-19 14:52:12,144 DEBUG   SenderThread:26509 [sender.py:send_request():249] send_request: stop_status
2022-04-19 14:52:12,350 DEBUG   SenderThread:26509 [sender.py:send():235] send: history
2022-04-19 14:52:12,351 DEBUG   SenderThread:26509 [sender.py:send():235] send: summary
2022-04-19 14:52:12,352 INFO    SenderThread:26509 [sender.py:_save_file():947] saving file wandb-summary.json with policy end
2022-04-19 14:52:12,352 DEBUG   SenderThread:26509 [sender.py:send():235] send: history
2022-04-19 14:52:12,353 DEBUG   SenderThread:26509 [sender.py:send():235] send: summary
2022-04-19 14:52:12,353 INFO    SenderThread:26509 [sender.py:_save_file():947] saving file wandb-summary.json with policy end
2022-04-19 14:52:12,354 DEBUG   SenderThread:26509 [sender.py:send_request():249] send_request: stop_status
2022-04-19 14:52:12,427 INFO    Thread-7  :26509 [dir_watcher.py:_on_file_modified():230] file/dir modified: /MOCOMSYS/dev/bong/WandB/wandb/run-20220419_145026-cy4xwr32/files/config.yaml
2022-04-19 14:52:12,428 INFO    Thread-7  :26509 [dir_watcher.py:_on_file_modified():230] file/dir modified: /MOCOMSYS/dev/bong/WandB/wandb/run-20220419_145026-cy4xwr32/files/wandb-summary.json
2022-04-19 14:52:12,577 DEBUG   SenderThread:26509 [sender.py:send():235] send: history
2022-04-19 14:52:12,578 DEBUG   SenderThread:26509 [sender.py:send():235] send: summary
2022-04-19 14:52:12,579 INFO    SenderThread:26509 [sender.py:_save_file():947] saving file wandb-summary.json with policy end
2022-04-19 14:52:12,579 DEBUG   SenderThread:26509 [sender.py:send():235] send: stats
2022-04-19 14:52:12,580 DEBUG   SenderThread:26509 [sender.py:send():235] send: history
2022-04-19 14:52:12,581 DEBUG   SenderThread:26509 [sender.py:send():235] send: summary
2022-04-19 14:52:12,581 INFO    SenderThread:26509 [sender.py:_save_file():947] saving file wandb-summary.json with policy end
2022-04-19 14:52:12,582 DEBUG   SenderThread:26509 [sender.py:send_request():249] send_request: stop_status
2022-04-19 14:52:12,797 DEBUG   SenderThread:26509 [sender.py:send():235] send: history
2022-04-19 14:52:12,798 DEBUG   SenderThread:26509 [sender.py:send():235] send: summary
2022-04-19 14:52:12,799 INFO    SenderThread:26509 [sender.py:_save_file():947] saving file wandb-summary.json with policy end
2022-04-19 14:52:13,428 INFO    Thread-7  :26509 [dir_watcher.py:_on_file_modified():230] file/dir modified: /MOCOMSYS/dev/bong/WandB/wandb/run-20220419_145026-cy4xwr32/files/wandb-summary.json
2022-04-19 14:52:13,429 INFO    Thread-7  :26509 [dir_watcher.py:_on_file_modified():230] file/dir modified: /MOCOMSYS/dev/bong/WandB/wandb/run-20220419_145026-cy4xwr32/files/output.log
2022-04-19 14:52:21,045 DEBUG   HandlerThread:26509 [handler.py:handle_request():141] handle_request: partial_history
2022-04-19 14:52:21,046 DEBUG   SenderThread:26509 [sender.py:send():235] send: history
2022-04-19 14:52:21,047 DEBUG   SenderThread:26509 [sender.py:send():235] send: summary
2022-04-19 14:52:21,048 INFO    SenderThread:26509 [sender.py:_save_file():947] saving file wandb-summary.json with policy end
2022-04-19 14:52:21,435 INFO    Thread-7  :26509 [dir_watcher.py:_on_file_modified():230] file/dir modified: /MOCOMSYS/dev/bong/WandB/wandb/run-20220419_145026-cy4xwr32/files/wandb-summary.json
2022-04-19 14:52:23,437 INFO    Thread-7  :26509 [dir_watcher.py:_on_file_modified():230] file/dir modified: /MOCOMSYS/dev/bong/WandB/wandb/run-20220419_145026-cy4xwr32/files/output.log
2022-04-19 14:52:27,754 DEBUG   SenderThread:26509 [sender.py:send():235] send: stats
2022-04-19 14:52:27,802 DEBUG   HandlerThread:26509 [handler.py:handle_request():141] handle_request: stop_status
2022-04-19 14:52:27,803 DEBUG   SenderThread:26509 [sender.py:send_request():249] send_request: stop_status
2022-04-19 14:52:30,261 DEBUG   HandlerThread:26509 [handler.py:handle_request():141] handle_request: partial_history
2022-04-19 14:52:30,262 DEBUG   SenderThread:26509 [sender.py:send():235] send: history
2022-04-19 14:52:30,262 DEBUG   SenderThread:26509 [sender.py:send():235] send: summary
2022-04-19 14:52:30,263 INFO    SenderThread:26509 [sender.py:_save_file():947] saving file wandb-summary.json with policy end
2022-04-19 14:52:30,441 INFO    Thread-7  :26509 [dir_watcher.py:_on_file_modified():230] file/dir modified: /MOCOMSYS/dev/bong/WandB/wandb/run-20220419_145026-cy4xwr32/files/wandb-summary.json
2022-04-19 14:52:31,442 INFO    Thread-7  :26509 [dir_watcher.py:_on_file_modified():230] file/dir modified: /MOCOMSYS/dev/bong/WandB/wandb/run-20220419_145026-cy4xwr32/files/output.log
2022-04-19 14:52:39,344 DEBUG   HandlerThread:26509 [handler.py:handle_request():141] handle_request: partial_history
2022-04-19 14:52:39,344 DEBUG   SenderThread:26509 [sender.py:send():235] send: history
2022-04-19 14:52:39,345 DEBUG   SenderThread:26509 [sender.py:send():235] send: summary
2022-04-19 14:52:39,350 INFO    SenderThread:26509 [sender.py:_save_file():947] saving file wandb-summary.json with policy end
2022-04-19 14:52:39,448 INFO    Thread-7  :26509 [dir_watcher.py:_on_file_modified():230] file/dir modified: /MOCOMSYS/dev/bong/WandB/wandb/run-20220419_145026-cy4xwr32/files/wandb-summary.json
2022-04-19 14:52:41,450 INFO    Thread-7  :26509 [dir_watcher.py:_on_file_modified():230] file/dir modified: /MOCOMSYS/dev/bong/WandB/wandb/run-20220419_145026-cy4xwr32/files/output.log
2022-04-19 14:52:43,019 DEBUG   HandlerThread:26509 [handler.py:handle_request():141] handle_request: stop_status
2022-04-19 14:52:43,019 DEBUG   SenderThread:26509 [sender.py:send_request():249] send_request: stop_status
2022-04-19 14:52:48,433 DEBUG   HandlerThread:26509 [handler.py:handle_request():141] handle_request: partial_history
2022-04-19 14:52:48,434 DEBUG   SenderThread:26509 [sender.py:send():235] send: history
2022-04-19 14:52:48,435 DEBUG   SenderThread:26509 [sender.py:send():235] send: summary
2022-04-19 14:52:48,437 INFO    SenderThread:26509 [sender.py:_save_file():947] saving file wandb-summary.json with policy end
2022-04-19 14:52:48,455 INFO    Thread-7  :26509 [dir_watcher.py:_on_file_modified():230] file/dir modified: /MOCOMSYS/dev/bong/WandB/wandb/run-20220419_145026-cy4xwr32/files/wandb-summary.json
2022-04-19 14:52:51,457 INFO    Thread-7  :26509 [dir_watcher.py:_on_file_modified():230] file/dir modified: /MOCOMSYS/dev/bong/WandB/wandb/run-20220419_145026-cy4xwr32/files/output.log
2022-04-19 14:52:57,530 DEBUG   HandlerThread:26509 [handler.py:handle_request():141] handle_request: partial_history
2022-04-19 14:52:57,532 DEBUG   SenderThread:26509 [sender.py:send():235] send: history
2022-04-19 14:52:57,532 DEBUG   SenderThread:26509 [sender.py:send():235] send: summary
2022-04-19 14:52:57,533 INFO    SenderThread:26509 [sender.py:_save_file():947] saving file wandb-summary.json with policy end
2022-04-19 14:52:58,311 DEBUG   SenderThread:26509 [sender.py:send():235] send: stats
2022-04-19 14:52:58,441 DEBUG   HandlerThread:26509 [handler.py:handle_request():141] handle_request: stop_status
2022-04-19 14:52:58,442 DEBUG   SenderThread:26509 [sender.py:send_request():249] send_request: stop_status
2022-04-19 14:52:58,462 INFO    Thread-7  :26509 [dir_watcher.py:_on_file_modified():230] file/dir modified: /MOCOMSYS/dev/bong/WandB/wandb/run-20220419_145026-cy4xwr32/files/wandb-summary.json
2022-04-19 14:52:59,463 INFO    Thread-7  :26509 [dir_watcher.py:_on_file_modified():230] file/dir modified: /MOCOMSYS/dev/bong/WandB/wandb/run-20220419_145026-cy4xwr32/files/output.log
2022-04-19 14:53:06,611 DEBUG   HandlerThread:26509 [handler.py:handle_request():141] handle_request: partial_history
2022-04-19 14:53:06,612 DEBUG   SenderThread:26509 [sender.py:send():235] send: history
2022-04-19 14:53:06,613 DEBUG   SenderThread:26509 [sender.py:send():235] send: summary
2022-04-19 14:53:06,617 INFO    SenderThread:26509 [sender.py:_save_file():947] saving file wandb-summary.json with policy end
2022-04-19 14:53:07,469 INFO    Thread-7  :26509 [dir_watcher.py:_on_file_modified():230] file/dir modified: /MOCOMSYS/dev/bong/WandB/wandb/run-20220419_145026-cy4xwr32/files/wandb-summary.json
2022-04-19 14:53:09,470 INFO    Thread-7  :26509 [dir_watcher.py:_on_file_modified():230] file/dir modified: /MOCOMSYS/dev/bong/WandB/wandb/run-20220419_145026-cy4xwr32/files/output.log
2022-04-19 14:53:14,329 DEBUG   HandlerThread:26509 [handler.py:handle_request():141] handle_request: stop_status
2022-04-19 14:53:14,330 DEBUG   SenderThread:26509 [sender.py:send_request():249] send_request: stop_status
2022-04-19 14:53:15,696 DEBUG   HandlerThread:26509 [handler.py:handle_request():141] handle_request: partial_history
2022-04-19 14:53:15,698 DEBUG   SenderThread:26509 [sender.py:send():235] send: history
2022-04-19 14:53:15,698 DEBUG   SenderThread:26509 [sender.py:send():235] send: summary
2022-04-19 14:53:15,699 INFO    SenderThread:26509 [sender.py:_save_file():947] saving file wandb-summary.json with policy end
2022-04-19 14:53:16,476 INFO    Thread-7  :26509 [dir_watcher.py:_on_file_modified():230] file/dir modified: /MOCOMSYS/dev/bong/WandB/wandb/run-20220419_145026-cy4xwr32/files/wandb-summary.json
2022-04-19 14:53:17,478 INFO    Thread-7  :26509 [dir_watcher.py:_on_file_modified():230] file/dir modified: /MOCOMSYS/dev/bong/WandB/wandb/run-20220419_145026-cy4xwr32/files/output.log
2022-04-19 14:53:24,744 DEBUG   HandlerThread:26509 [handler.py:handle_request():141] handle_request: partial_history
2022-04-19 14:53:24,745 DEBUG   SenderThread:26509 [sender.py:send():235] send: history
2022-04-19 14:53:24,746 DEBUG   SenderThread:26509 [sender.py:send():235] send: summary
2022-04-19 14:53:24,746 INFO    SenderThread:26509 [sender.py:_save_file():947] saving file wandb-summary.json with policy end
2022-04-19 14:53:25,486 INFO    Thread-7  :26509 [dir_watcher.py:_on_file_modified():230] file/dir modified: /MOCOMSYS/dev/bong/WandB/wandb/run-20220419_145026-cy4xwr32/files/wandb-summary.json
2022-04-19 14:53:27,488 INFO    Thread-7  :26509 [dir_watcher.py:_on_file_modified():230] file/dir modified: /MOCOMSYS/dev/bong/WandB/wandb/run-20220419_145026-cy4xwr32/files/output.log
2022-04-19 14:53:28,877 DEBUG   SenderThread:26509 [sender.py:send():235] send: stats
2022-04-19 14:53:29,555 DEBUG   HandlerThread:26509 [handler.py:handle_request():141] handle_request: stop_status
2022-04-19 14:53:29,555 DEBUG   SenderThread:26509 [sender.py:send_request():249] send_request: stop_status
2022-04-19 14:53:33,838 DEBUG   HandlerThread:26509 [handler.py:handle_request():141] handle_request: partial_history
2022-04-19 14:53:33,840 DEBUG   SenderThread:26509 [sender.py:send():235] send: history
2022-04-19 14:53:33,840 DEBUG   SenderThread:26509 [sender.py:send():235] send: summary
2022-04-19 14:53:33,841 INFO    SenderThread:26509 [sender.py:_save_file():947] saving file wandb-summary.json with policy end
2022-04-19 14:53:34,493 INFO    Thread-7  :26509 [dir_watcher.py:_on_file_modified():230] file/dir modified: /MOCOMSYS/dev/bong/WandB/wandb/run-20220419_145026-cy4xwr32/files/wandb-summary.json
2022-04-19 14:53:35,494 INFO    Thread-7  :26509 [dir_watcher.py:_on_file_modified():230] file/dir modified: /MOCOMSYS/dev/bong/WandB/wandb/run-20220419_145026-cy4xwr32/files/output.log
2022-04-19 14:53:42,896 DEBUG   HandlerThread:26509 [handler.py:handle_request():141] handle_request: partial_history
2022-04-19 14:53:42,897 DEBUG   SenderThread:26509 [sender.py:send():235] send: history
2022-04-19 14:53:42,898 DEBUG   SenderThread:26509 [sender.py:send():235] send: summary
2022-04-19 14:53:42,902 INFO    SenderThread:26509 [sender.py:_save_file():947] saving file wandb-summary.json with policy end
2022-04-19 14:53:43,500 INFO    Thread-7  :26509 [dir_watcher.py:_on_file_modified():230] file/dir modified: /MOCOMSYS/dev/bong/WandB/wandb/run-20220419_145026-cy4xwr32/files/wandb-summary.json
2022-04-19 14:53:44,864 DEBUG   HandlerThread:26509 [handler.py:handle_request():141] handle_request: stop_status
2022-04-19 14:53:44,865 DEBUG   SenderThread:26509 [sender.py:send_request():249] send_request: stop_status
2022-04-19 14:53:45,502 INFO    Thread-7  :26509 [dir_watcher.py:_on_file_modified():230] file/dir modified: /MOCOMSYS/dev/bong/WandB/wandb/run-20220419_145026-cy4xwr32/files/output.log
2022-04-19 14:53:49,505 INFO    Thread-7  :26509 [dir_watcher.py:_on_file_modified():230] file/dir modified: /MOCOMSYS/dev/bong/WandB/wandb/run-20220419_145026-cy4xwr32/files/output.log
2022-04-19 14:53:54,253 DEBUG   HandlerThread:26509 [handler.py:handle_request():141] handle_request: partial_history
2022-04-19 14:53:54,254 DEBUG   SenderThread:26509 [sender.py:send():235] send: history
2022-04-19 14:53:54,255 DEBUG   SenderThread:26509 [sender.py:send():235] send: summary
2022-04-19 14:53:54,258 INFO    SenderThread:26509 [sender.py:_save_file():947] saving file wandb-summary.json with policy end
2022-04-19 14:53:54,508 INFO    Thread-7  :26509 [dir_watcher.py:_on_file_modified():230] file/dir modified: /MOCOMSYS/dev/bong/WandB/wandb/run-20220419_145026-cy4xwr32/files/wandb-summary.json
2022-04-19 14:53:55,508 INFO    Thread-7  :26509 [dir_watcher.py:_on_file_modified():230] file/dir modified: /MOCOMSYS/dev/bong/WandB/wandb/run-20220419_145026-cy4xwr32/files/output.log
2022-04-19 14:53:59,436 DEBUG   SenderThread:26509 [sender.py:send():235] send: stats
2022-04-19 14:54:00,079 DEBUG   HandlerThread:26509 [handler.py:handle_request():141] handle_request: stop_status
2022-04-19 14:54:00,079 DEBUG   SenderThread:26509 [sender.py:send_request():249] send_request: stop_status
2022-04-19 14:54:02,692 DEBUG   HandlerThread:26509 [handler.py:handle_request():141] handle_request: partial_history
2022-04-19 14:54:02,693 DEBUG   SenderThread:26509 [sender.py:send():235] send: history
2022-04-19 14:54:02,694 DEBUG   SenderThread:26509 [sender.py:send():235] send: summary
2022-04-19 14:54:02,695 INFO    SenderThread:26509 [sender.py:_save_file():947] saving file wandb-summary.json with policy end
2022-04-19 14:54:03,515 INFO    Thread-7  :26509 [dir_watcher.py:_on_file_modified():230] file/dir modified: /MOCOMSYS/dev/bong/WandB/wandb/run-20220419_145026-cy4xwr32/files/wandb-summary.json
2022-04-19 14:54:03,515 INFO    Thread-7  :26509 [dir_watcher.py:_on_file_modified():230] file/dir modified: /MOCOMSYS/dev/bong/WandB/wandb/run-20220419_145026-cy4xwr32/files/output.log
2022-04-19 14:54:11,742 DEBUG   HandlerThread:26509 [handler.py:handle_request():141] handle_request: partial_history
2022-04-19 14:54:11,743 DEBUG   SenderThread:26509 [sender.py:send():235] send: history
2022-04-19 14:54:11,744 DEBUG   SenderThread:26509 [sender.py:send():235] send: summary
2022-04-19 14:54:11,747 INFO    SenderThread:26509 [sender.py:_save_file():947] saving file wandb-summary.json with policy end
2022-04-19 14:54:12,523 INFO    Thread-7  :26509 [dir_watcher.py:_on_file_modified():230] file/dir modified: /MOCOMSYS/dev/bong/WandB/wandb/run-20220419_145026-cy4xwr32/files/wandb-summary.json
2022-04-19 14:54:13,523 INFO    Thread-7  :26509 [dir_watcher.py:_on_file_modified():230] file/dir modified: /MOCOMSYS/dev/bong/WandB/wandb/run-20220419_145026-cy4xwr32/files/output.log
2022-04-19 14:54:15,693 DEBUG   HandlerThread:26509 [handler.py:handle_request():141] handle_request: stop_status
2022-04-19 14:54:15,694 DEBUG   SenderThread:26509 [sender.py:send_request():249] send_request: stop_status
2022-04-19 14:54:20,653 DEBUG   HandlerThread:26509 [handler.py:handle_request():141] handle_request: partial_history
2022-04-19 14:54:20,655 DEBUG   SenderThread:26509 [sender.py:send():235] send: history
2022-04-19 14:54:20,655 DEBUG   SenderThread:26509 [sender.py:send():235] send: summary
2022-04-19 14:54:20,656 INFO    SenderThread:26509 [sender.py:_save_file():947] saving file wandb-summary.json with policy end
2022-04-19 14:54:21,530 INFO    Thread-7  :26509 [dir_watcher.py:_on_file_modified():230] file/dir modified: /MOCOMSYS/dev/bong/WandB/wandb/run-20220419_145026-cy4xwr32/files/wandb-summary.json
2022-04-19 14:54:21,531 INFO    Thread-7  :26509 [dir_watcher.py:_on_file_modified():230] file/dir modified: /MOCOMSYS/dev/bong/WandB/wandb/run-20220419_145026-cy4xwr32/files/output.log
2022-04-19 14:54:29,771 DEBUG   HandlerThread:26509 [handler.py:handle_request():141] handle_request: partial_history
2022-04-19 14:54:29,772 DEBUG   SenderThread:26509 [sender.py:send():235] send: history
2022-04-19 14:54:29,773 DEBUG   SenderThread:26509 [sender.py:send():235] send: summary
2022-04-19 14:54:29,775 INFO    SenderThread:26509 [sender.py:_save_file():947] saving file wandb-summary.json with policy end
2022-04-19 14:54:29,957 DEBUG   SenderThread:26509 [sender.py:send():235] send: stats
2022-04-19 14:54:30,536 INFO    Thread-7  :26509 [dir_watcher.py:_on_file_modified():230] file/dir modified: /MOCOMSYS/dev/bong/WandB/wandb/run-20220419_145026-cy4xwr32/files/wandb-summary.json
2022-04-19 14:54:30,912 DEBUG   HandlerThread:26509 [handler.py:handle_request():141] handle_request: stop_status
2022-04-19 14:54:30,912 DEBUG   SenderThread:26509 [sender.py:send_request():249] send_request: stop_status
2022-04-19 14:54:31,537 INFO    Thread-7  :26509 [dir_watcher.py:_on_file_modified():230] file/dir modified: /MOCOMSYS/dev/bong/WandB/wandb/run-20220419_145026-cy4xwr32/files/output.log
2022-04-19 14:54:38,937 DEBUG   HandlerThread:26509 [handler.py:handle_request():141] handle_request: partial_history
2022-04-19 14:54:38,938 DEBUG   SenderThread:26509 [sender.py:send():235] send: history
2022-04-19 14:54:38,939 DEBUG   SenderThread:26509 [sender.py:send():235] send: summary
2022-04-19 14:54:38,940 INFO    SenderThread:26509 [sender.py:_save_file():947] saving file wandb-summary.json with policy end
2022-04-19 14:54:39,544 INFO    Thread-7  :26509 [dir_watcher.py:_on_file_modified():230] file/dir modified: /MOCOMSYS/dev/bong/WandB/wandb/run-20220419_145026-cy4xwr32/files/wandb-summary.json
2022-04-19 14:54:41,546 INFO    Thread-7  :26509 [dir_watcher.py:_on_file_modified():230] file/dir modified: /MOCOMSYS/dev/bong/WandB/wandb/run-20220419_145026-cy4xwr32/files/output.log
2022-04-19 14:54:46,218 DEBUG   HandlerThread:26509 [handler.py:handle_request():141] handle_request: stop_status
2022-04-19 14:54:46,219 DEBUG   SenderThread:26509 [sender.py:send_request():249] send_request: stop_status
2022-04-19 14:54:48,068 DEBUG   HandlerThread:26509 [handler.py:handle_request():141] handle_request: partial_history
2022-04-19 14:54:48,069 DEBUG   SenderThread:26509 [sender.py:send():235] send: history
2022-04-19 14:54:48,070 DEBUG   SenderThread:26509 [sender.py:send():235] send: summary
2022-04-19 14:54:48,070 INFO    SenderThread:26509 [sender.py:_save_file():947] saving file wandb-summary.json with policy end
2022-04-19 14:54:48,553 INFO    Thread-7  :26509 [dir_watcher.py:_on_file_modified():230] file/dir modified: /MOCOMSYS/dev/bong/WandB/wandb/run-20220419_145026-cy4xwr32/files/wandb-summary.json
2022-04-19 14:54:49,553 INFO    Thread-7  :26509 [dir_watcher.py:_on_file_modified():230] file/dir modified: /MOCOMSYS/dev/bong/WandB/wandb/run-20220419_145026-cy4xwr32/files/output.log
2022-04-19 14:54:57,201 DEBUG   HandlerThread:26509 [handler.py:handle_request():141] handle_request: partial_history
2022-04-19 14:54:57,202 DEBUG   SenderThread:26509 [sender.py:send():235] send: history
2022-04-19 14:54:57,203 DEBUG   SenderThread:26509 [sender.py:send():235] send: summary
2022-04-19 14:54:57,207 INFO    SenderThread:26509 [sender.py:_save_file():947] saving file wandb-summary.json with policy end
2022-04-19 14:54:57,560 INFO    Thread-7  :26509 [dir_watcher.py:_on_file_modified():230] file/dir modified: /MOCOMSYS/dev/bong/WandB/wandb/run-20220419_145026-cy4xwr32/files/wandb-summary.json
2022-04-19 14:54:59,561 INFO    Thread-7  :26509 [dir_watcher.py:_on_file_modified():230] file/dir modified: /MOCOMSYS/dev/bong/WandB/wandb/run-20220419_145026-cy4xwr32/files/output.log
2022-04-19 14:55:00,518 DEBUG   SenderThread:26509 [sender.py:send():235] send: stats
2022-04-19 14:55:01,437 DEBUG   HandlerThread:26509 [handler.py:handle_request():141] handle_request: stop_status
2022-04-19 14:55:01,437 DEBUG   SenderThread:26509 [sender.py:send_request():249] send_request: stop_status
2022-04-19 14:55:06,127 DEBUG   HandlerThread:26509 [handler.py:handle_request():141] handle_request: partial_history
2022-04-19 14:55:06,129 DEBUG   SenderThread:26509 [sender.py:send():235] send: history
2022-04-19 14:55:06,130 DEBUG   SenderThread:26509 [sender.py:send():235] send: summary
2022-04-19 14:55:06,130 INFO    SenderThread:26509 [sender.py:_save_file():947] saving file wandb-summary.json with policy end
2022-04-19 14:55:06,567 INFO    Thread-7  :26509 [dir_watcher.py:_on_file_modified():230] file/dir modified: /MOCOMSYS/dev/bong/WandB/wandb/run-20220419_145026-cy4xwr32/files/wandb-summary.json
2022-04-19 14:55:07,568 INFO    Thread-7  :26509 [dir_watcher.py:_on_file_modified():230] file/dir modified: /MOCOMSYS/dev/bong/WandB/wandb/run-20220419_145026-cy4xwr32/files/output.log
2022-04-19 14:55:15,294 DEBUG   HandlerThread:26509 [handler.py:handle_request():141] handle_request: partial_history
2022-04-19 14:55:15,295 DEBUG   SenderThread:26509 [sender.py:send():235] send: history
2022-04-19 14:55:15,296 DEBUG   SenderThread:26509 [sender.py:send():235] send: summary
2022-04-19 14:55:15,300 INFO    SenderThread:26509 [sender.py:_save_file():947] saving file wandb-summary.json with policy end
2022-04-19 14:55:15,575 INFO    Thread-7  :26509 [dir_watcher.py:_on_file_modified():230] file/dir modified: /MOCOMSYS/dev/bong/WandB/wandb/run-20220419_145026-cy4xwr32/files/wandb-summary.json
2022-04-19 14:55:16,662 DEBUG   HandlerThread:26509 [handler.py:handle_request():141] handle_request: stop_status
2022-04-19 14:55:16,662 DEBUG   SenderThread:26509 [sender.py:send_request():249] send_request: stop_status
2022-04-19 14:55:17,576 INFO    Thread-7  :26509 [dir_watcher.py:_on_file_modified():230] file/dir modified: /MOCOMSYS/dev/bong/WandB/wandb/run-20220419_145026-cy4xwr32/files/output.log
2022-04-19 14:55:24,751 DEBUG   HandlerThread:26509 [handler.py:handle_request():141] handle_request: partial_history
2022-04-19 14:55:24,752 DEBUG   SenderThread:26509 [sender.py:send():235] send: history
2022-04-19 14:55:24,753 DEBUG   SenderThread:26509 [sender.py:send():235] send: summary
2022-04-19 14:55:24,754 INFO    SenderThread:26509 [sender.py:_save_file():947] saving file wandb-summary.json with policy end
2022-04-19 14:55:25,582 INFO    Thread-7  :26509 [dir_watcher.py:_on_file_modified():230] file/dir modified: /MOCOMSYS/dev/bong/WandB/wandb/run-20220419_145026-cy4xwr32/files/wandb-summary.json
2022-04-19 14:55:27,584 INFO    Thread-7  :26509 [dir_watcher.py:_on_file_modified():230] file/dir modified: /MOCOMSYS/dev/bong/WandB/wandb/run-20220419_145026-cy4xwr32/files/output.log
2022-04-19 14:55:31,065 DEBUG   SenderThread:26509 [sender.py:send():235] send: stats
2022-04-19 14:55:31,969 DEBUG   HandlerThread:26509 [handler.py:handle_request():141] handle_request: stop_status
2022-04-19 14:55:31,970 DEBUG   SenderThread:26509 [sender.py:send_request():249] send_request: stop_status
2022-04-19 14:55:33,848 DEBUG   HandlerThread:26509 [handler.py:handle_request():141] handle_request: partial_history
2022-04-19 14:55:33,849 DEBUG   SenderThread:26509 [sender.py:send():235] send: history
2022-04-19 14:55:33,849 DEBUG   SenderThread:26509 [sender.py:send():235] send: summary
2022-04-19 14:55:33,850 INFO    SenderThread:26509 [sender.py:_save_file():947] saving file wandb-summary.json with policy end
2022-04-19 14:55:34,589 INFO    Thread-7  :26509 [dir_watcher.py:_on_file_modified():230] file/dir modified: /MOCOMSYS/dev/bong/WandB/wandb/run-20220419_145026-cy4xwr32/files/wandb-summary.json
2022-04-19 14:55:35,590 INFO    Thread-7  :26509 [dir_watcher.py:_on_file_modified():230] file/dir modified: /MOCOMSYS/dev/bong/WandB/wandb/run-20220419_145026-cy4xwr32/files/output.log
2022-04-19 14:55:42,979 DEBUG   HandlerThread:26509 [handler.py:handle_request():141] handle_request: partial_history
2022-04-19 14:55:42,981 DEBUG   SenderThread:26509 [sender.py:send():235] send: history
2022-04-19 14:55:42,982 DEBUG   SenderThread:26509 [sender.py:send():235] send: summary
2022-04-19 14:55:42,982 INFO    SenderThread:26509 [sender.py:_save_file():947] saving file wandb-summary.json with policy end
2022-04-19 14:55:43,598 INFO    Thread-7  :26509 [dir_watcher.py:_on_file_modified():230] file/dir modified: /MOCOMSYS/dev/bong/WandB/wandb/run-20220419_145026-cy4xwr32/files/wandb-summary.json
2022-04-19 14:55:45,600 INFO    Thread-7  :26509 [dir_watcher.py:_on_file_modified():230] file/dir modified: /MOCOMSYS/dev/bong/WandB/wandb/run-20220419_145026-cy4xwr32/files/output.log
2022-04-19 14:55:47,274 DEBUG   HandlerThread:26509 [handler.py:handle_request():141] handle_request: stop_status
2022-04-19 14:55:47,274 DEBUG   SenderThread:26509 [sender.py:send_request():249] send_request: stop_status
2022-04-19 14:55:52,087 DEBUG   HandlerThread:26509 [handler.py:handle_request():141] handle_request: partial_history
2022-04-19 14:55:52,088 DEBUG   SenderThread:26509 [sender.py:send():235] send: history
2022-04-19 14:55:52,088 DEBUG   SenderThread:26509 [sender.py:send():235] send: summary
2022-04-19 14:55:52,092 INFO    SenderThread:26509 [sender.py:_save_file():947] saving file wandb-summary.json with policy end
2022-04-19 14:55:52,605 INFO    Thread-7  :26509 [dir_watcher.py:_on_file_modified():230] file/dir modified: /MOCOMSYS/dev/bong/WandB/wandb/run-20220419_145026-cy4xwr32/files/wandb-summary.json
2022-04-19 14:55:53,605 INFO    Thread-7  :26509 [dir_watcher.py:_on_file_modified():230] file/dir modified: /MOCOMSYS/dev/bong/WandB/wandb/run-20220419_145026-cy4xwr32/files/output.log
2022-04-19 14:56:01,100 DEBUG   HandlerThread:26509 [handler.py:handle_request():141] handle_request: partial_history
2022-04-19 14:56:01,101 DEBUG   SenderThread:26509 [sender.py:send():235] send: history
2022-04-19 14:56:01,102 DEBUG   SenderThread:26509 [sender.py:send():235] send: summary
2022-04-19 14:56:01,103 INFO    SenderThread:26509 [sender.py:_save_file():947] saving file wandb-summary.json with policy end
2022-04-19 14:56:01,565 DEBUG   SenderThread:26509 [sender.py:send():235] send: stats
2022-04-19 14:56:01,610 INFO    Thread-7  :26509 [dir_watcher.py:_on_file_modified():230] file/dir modified: /MOCOMSYS/dev/bong/WandB/wandb/run-20220419_145026-cy4xwr32/files/wandb-summary.json
2022-04-19 14:56:02,479 DEBUG   HandlerThread:26509 [handler.py:handle_request():141] handle_request: stop_status
2022-04-19 14:56:02,480 DEBUG   SenderThread:26509 [sender.py:send_request():249] send_request: stop_status
2022-04-19 14:56:03,611 INFO    Thread-7  :26509 [dir_watcher.py:_on_file_modified():230] file/dir modified: /MOCOMSYS/dev/bong/WandB/wandb/run-20220419_145026-cy4xwr32/files/output.log
2022-04-19 14:56:10,152 DEBUG   HandlerThread:26509 [handler.py:handle_request():141] handle_request: partial_history
2022-04-19 14:56:10,154 DEBUG   SenderThread:26509 [sender.py:send():235] send: history
2022-04-19 14:56:10,155 DEBUG   SenderThread:26509 [sender.py:send():235] send: summary
2022-04-19 14:56:10,156 INFO    SenderThread:26509 [sender.py:_save_file():947] saving file wandb-summary.json with policy end
2022-04-19 14:56:10,618 INFO    Thread-7  :26509 [dir_watcher.py:_on_file_modified():230] file/dir modified: /MOCOMSYS/dev/bong/WandB/wandb/run-20220419_145026-cy4xwr32/files/wandb-summary.json
2022-04-19 14:56:11,618 INFO    Thread-7  :26509 [dir_watcher.py:_on_file_modified():230] file/dir modified: /MOCOMSYS/dev/bong/WandB/wandb/run-20220419_145026-cy4xwr32/files/output.log
2022-04-19 14:56:17,707 DEBUG   HandlerThread:26509 [handler.py:handle_request():141] handle_request: stop_status
2022-04-19 14:56:17,708 DEBUG   SenderThread:26509 [sender.py:send_request():249] send_request: stop_status
2022-04-19 14:56:19,281 DEBUG   HandlerThread:26509 [handler.py:handle_request():141] handle_request: partial_history
2022-04-19 14:56:19,282 DEBUG   SenderThread:26509 [sender.py:send():235] send: history
2022-04-19 14:56:19,283 DEBUG   SenderThread:26509 [sender.py:send():235] send: summary
2022-04-19 14:56:19,284 INFO    SenderThread:26509 [sender.py:_save_file():947] saving file wandb-summary.json with policy end
2022-04-19 14:56:19,625 INFO    Thread-7  :26509 [dir_watcher.py:_on_file_modified():230] file/dir modified: /MOCOMSYS/dev/bong/WandB/wandb/run-20220419_145026-cy4xwr32/files/wandb-summary.json
2022-04-19 14:56:21,626 INFO    Thread-7  :26509 [dir_watcher.py:_on_file_modified():230] file/dir modified: /MOCOMSYS/dev/bong/WandB/wandb/run-20220419_145026-cy4xwr32/files/output.log
2022-04-19 14:56:28,387 DEBUG   HandlerThread:26509 [handler.py:handle_request():141] handle_request: partial_history
2022-04-19 14:56:28,389 DEBUG   SenderThread:26509 [sender.py:send():235] send: history
2022-04-19 14:56:28,390 DEBUG   SenderThread:26509 [sender.py:send():235] send: summary
2022-04-19 14:56:28,394 INFO    SenderThread:26509 [sender.py:_save_file():947] saving file wandb-summary.json with policy end
2022-04-19 14:56:28,632 INFO    Thread-7  :26509 [dir_watcher.py:_on_file_modified():230] file/dir modified: /MOCOMSYS/dev/bong/WandB/wandb/run-20220419_145026-cy4xwr32/files/wandb-summary.json
2022-04-19 14:56:29,633 INFO    Thread-7  :26509 [dir_watcher.py:_on_file_modified():230] file/dir modified: /MOCOMSYS/dev/bong/WandB/wandb/run-20220419_145026-cy4xwr32/files/output.log
2022-04-19 14:56:32,109 DEBUG   SenderThread:26509 [sender.py:send():235] send: stats
2022-04-19 14:56:32,926 DEBUG   HandlerThread:26509 [handler.py:handle_request():141] handle_request: stop_status
2022-04-19 14:56:32,926 DEBUG   SenderThread:26509 [sender.py:send_request():249] send_request: stop_status
2022-04-19 14:56:37,501 DEBUG   HandlerThread:26509 [handler.py:handle_request():141] handle_request: partial_history
2022-04-19 14:56:37,503 DEBUG   SenderThread:26509 [sender.py:send():235] send: history
2022-04-19 14:56:37,504 DEBUG   SenderThread:26509 [sender.py:send():235] send: summary
2022-04-19 14:56:37,504 INFO    SenderThread:26509 [sender.py:_save_file():947] saving file wandb-summary.json with policy end
2022-04-19 14:56:37,640 INFO    Thread-7  :26509 [dir_watcher.py:_on_file_modified():230] file/dir modified: /MOCOMSYS/dev/bong/WandB/wandb/run-20220419_145026-cy4xwr32/files/wandb-summary.json
2022-04-19 14:56:39,642 INFO    Thread-7  :26509 [dir_watcher.py:_on_file_modified():230] file/dir modified: /MOCOMSYS/dev/bong/WandB/wandb/run-20220419_145026-cy4xwr32/files/output.log
2022-04-19 14:56:46,624 DEBUG   HandlerThread:26509 [handler.py:handle_request():141] handle_request: partial_history
2022-04-19 14:56:46,625 DEBUG   SenderThread:26509 [sender.py:send():235] send: history
2022-04-19 14:56:46,626 DEBUG   SenderThread:26509 [sender.py:send():235] send: summary
2022-04-19 14:56:46,627 INFO    SenderThread:26509 [sender.py:_save_file():947] saving file wandb-summary.json with policy end
2022-04-19 14:56:46,648 INFO    Thread-7  :26509 [dir_watcher.py:_on_file_modified():230] file/dir modified: /MOCOMSYS/dev/bong/WandB/wandb/run-20220419_145026-cy4xwr32/files/wandb-summary.json
2022-04-19 14:56:47,649 INFO    Thread-7  :26509 [dir_watcher.py:_on_file_modified():230] file/dir modified: /MOCOMSYS/dev/bong/WandB/wandb/run-20220419_145026-cy4xwr32/files/output.log
2022-04-19 14:56:48,133 DEBUG   HandlerThread:26509 [handler.py:handle_request():141] handle_request: stop_status
2022-04-19 14:56:48,133 DEBUG   SenderThread:26509 [sender.py:send_request():249] send_request: stop_status
2022-04-19 14:56:56,117 DEBUG   SenderThread:26509 [sender.py:send():235] send: telemetry
2022-04-19 14:56:56,137 DEBUG   SenderThread:26509 [sender.py:send():235] send: telemetry
2022-04-19 14:56:56,695 DEBUG   SenderThread:26509 [sender.py:send():235] send: exit
2022-04-19 14:56:56,696 INFO    SenderThread:26509 [sender.py:send_exit():371] handling exit code: 0
2022-04-19 14:56:56,696 INFO    SenderThread:26509 [sender.py:send_exit():373] handling runtime: 389
2022-04-19 14:56:56,697 INFO    SenderThread:26509 [sender.py:_save_file():947] saving file wandb-summary.json with policy end
2022-04-19 14:56:56,697 INFO    SenderThread:26509 [sender.py:send_exit():379] send defer
2022-04-19 14:56:56,698 DEBUG   HandlerThread:26509 [handler.py:handle_request():141] handle_request: defer
2022-04-19 14:56:56,698 INFO    HandlerThread:26509 [handler.py:handle_request_defer():164] handle defer: 0
2022-04-19 14:56:56,699 DEBUG   SenderThread:26509 [sender.py:send_request():249] send_request: defer
2022-04-19 14:56:56,699 INFO    SenderThread:26509 [sender.py:send_request_defer():388] handle sender defer: 0
2022-04-19 14:56:56,699 INFO    SenderThread:26509 [sender.py:transition_state():392] send defer: 1
2022-04-19 14:56:56,700 DEBUG   HandlerThread:26509 [handler.py:handle_request():141] handle_request: defer
2022-04-19 14:56:56,700 INFO    HandlerThread:26509 [handler.py:handle_request_defer():164] handle defer: 1
2022-04-19 14:56:56,793 DEBUG   HandlerThread:26509 [handler.py:handle_request():141] handle_request: poll_exit
2022-04-19 14:56:56,794 DEBUG   SenderThread:26509 [sender.py:send_request():249] send_request: defer
2022-04-19 14:56:56,794 INFO    SenderThread:26509 [sender.py:send_request_defer():388] handle sender defer: 1
2022-04-19 14:56:56,795 INFO    SenderThread:26509 [sender.py:transition_state():392] send defer: 2
2022-04-19 14:56:56,795 DEBUG   SenderThread:26509 [sender.py:send_request():249] send_request: poll_exit
2022-04-19 14:56:56,795 DEBUG   SenderThread:26509 [sender.py:send():235] send: stats
2022-04-19 14:56:56,797 DEBUG   HandlerThread:26509 [handler.py:handle_request():141] handle_request: defer
2022-04-19 14:56:56,797 INFO    HandlerThread:26509 [handler.py:handle_request_defer():164] handle defer: 2
2022-04-19 14:56:56,797 DEBUG   SenderThread:26509 [sender.py:send_request():249] send_request: defer
2022-04-19 14:56:56,798 INFO    SenderThread:26509 [sender.py:send_request_defer():388] handle sender defer: 2
2022-04-19 14:56:56,798 INFO    SenderThread:26509 [sender.py:transition_state():392] send defer: 3
2022-04-19 14:56:56,798 DEBUG   HandlerThread:26509 [handler.py:handle_request():141] handle_request: defer
2022-04-19 14:56:56,798 INFO    HandlerThread:26509 [handler.py:handle_request_defer():164] handle defer: 3
2022-04-19 14:56:56,799 DEBUG   SenderThread:26509 [sender.py:send_request():249] send_request: defer
2022-04-19 14:56:56,799 INFO    SenderThread:26509 [sender.py:send_request_defer():388] handle sender defer: 3
2022-04-19 14:56:56,799 INFO    SenderThread:26509 [sender.py:transition_state():392] send defer: 4
2022-04-19 14:56:56,800 DEBUG   HandlerThread:26509 [handler.py:handle_request():141] handle_request: defer
2022-04-19 14:56:56,800 INFO    HandlerThread:26509 [handler.py:handle_request_defer():164] handle defer: 4
2022-04-19 14:56:56,800 DEBUG   SenderThread:26509 [sender.py:send():235] send: summary
2022-04-19 14:56:56,801 INFO    SenderThread:26509 [sender.py:_save_file():947] saving file wandb-summary.json with policy end
2022-04-19 14:56:56,802 DEBUG   SenderThread:26509 [sender.py:send_request():249] send_request: defer
2022-04-19 14:56:56,802 INFO    SenderThread:26509 [sender.py:send_request_defer():388] handle sender defer: 4
2022-04-19 14:56:56,802 INFO    SenderThread:26509 [sender.py:transition_state():392] send defer: 5
2022-04-19 14:56:56,802 DEBUG   HandlerThread:26509 [handler.py:handle_request():141] handle_request: defer
2022-04-19 14:56:56,803 INFO    HandlerThread:26509 [handler.py:handle_request_defer():164] handle defer: 5
2022-04-19 14:56:56,803 DEBUG   SenderThread:26509 [sender.py:send_request():249] send_request: defer
2022-04-19 14:56:56,803 INFO    SenderThread:26509 [sender.py:send_request_defer():388] handle sender defer: 5
2022-04-19 14:56:56,907 DEBUG   HandlerThread:26509 [handler.py:handle_request():141] handle_request: poll_exit
2022-04-19 14:56:57,122 INFO    SenderThread:26509 [sender.py:transition_state():392] send defer: 6
2022-04-19 14:56:57,123 DEBUG   SenderThread:26509 [sender.py:send_request():249] send_request: poll_exit
2022-04-19 14:56:57,124 DEBUG   HandlerThread:26509 [handler.py:handle_request():141] handle_request: defer
2022-04-19 14:56:57,124 INFO    HandlerThread:26509 [handler.py:handle_request_defer():164] handle defer: 6
2022-04-19 14:56:57,124 DEBUG   SenderThread:26509 [sender.py:send_request():249] send_request: defer
2022-04-19 14:56:57,124 INFO    SenderThread:26509 [sender.py:send_request_defer():388] handle sender defer: 6
2022-04-19 14:56:57,125 INFO    SenderThread:26509 [dir_watcher.py:finish():283] shutting down directory watcher
2022-04-19 14:56:57,225 DEBUG   HandlerThread:26509 [handler.py:handle_request():141] handle_request: poll_exit
2022-04-19 14:56:57,658 INFO    Thread-7  :26509 [dir_watcher.py:_on_file_modified():230] file/dir modified: /MOCOMSYS/dev/bong/WandB/wandb/run-20220419_145026-cy4xwr32/files/config.yaml
2022-04-19 14:56:57,659 INFO    SenderThread:26509 [dir_watcher.py:_on_file_modified():230] file/dir modified: /MOCOMSYS/dev/bong/WandB/wandb/run-20220419_145026-cy4xwr32/files/wandb-summary.json
2022-04-19 14:56:57,660 INFO    SenderThread:26509 [dir_watcher.py:_on_file_modified():230] file/dir modified: /MOCOMSYS/dev/bong/WandB/wandb/run-20220419_145026-cy4xwr32/files/output.log
2022-04-19 14:56:57,660 INFO    SenderThread:26509 [dir_watcher.py:finish():313] scan: /MOCOMSYS/dev/bong/WandB/wandb/run-20220419_145026-cy4xwr32/files
2022-04-19 14:56:57,661 INFO    SenderThread:26509 [dir_watcher.py:finish():327] scan save: /MOCOMSYS/dev/bong/WandB/wandb/run-20220419_145026-cy4xwr32/files/config.yaml config.yaml
2022-04-19 14:56:57,661 INFO    SenderThread:26509 [dir_watcher.py:finish():327] scan save: /MOCOMSYS/dev/bong/WandB/wandb/run-20220419_145026-cy4xwr32/files/wandb-summary.json wandb-summary.json
2022-04-19 14:56:57,661 INFO    SenderThread:26509 [dir_watcher.py:finish():327] scan save: /MOCOMSYS/dev/bong/WandB/wandb/run-20220419_145026-cy4xwr32/files/requirements.txt requirements.txt
2022-04-19 14:56:57,661 INFO    SenderThread:26509 [dir_watcher.py:finish():327] scan save: /MOCOMSYS/dev/bong/WandB/wandb/run-20220419_145026-cy4xwr32/files/conda-environment.yaml conda-environment.yaml
2022-04-19 14:56:57,662 INFO    SenderThread:26509 [dir_watcher.py:finish():327] scan save: /MOCOMSYS/dev/bong/WandB/wandb/run-20220419_145026-cy4xwr32/files/output.log output.log
2022-04-19 14:56:57,662 INFO    SenderThread:26509 [dir_watcher.py:finish():327] scan save: /MOCOMSYS/dev/bong/WandB/wandb/run-20220419_145026-cy4xwr32/files/wandb-metadata.json wandb-metadata.json
2022-04-19 14:56:57,662 INFO    SenderThread:26509 [sender.py:transition_state():392] send defer: 7
2022-04-19 14:56:57,663 DEBUG   SenderThread:26509 [sender.py:send_request():249] send_request: poll_exit
2022-04-19 14:56:57,664 DEBUG   HandlerThread:26509 [handler.py:handle_request():141] handle_request: defer
2022-04-19 14:56:57,676 INFO    HandlerThread:26509 [handler.py:handle_request_defer():164] handle defer: 7
2022-04-19 14:56:57,683 DEBUG   SenderThread:26509 [sender.py:send_request():249] send_request: defer
2022-04-19 14:56:57,684 INFO    SenderThread:26509 [sender.py:send_request_defer():388] handle sender defer: 7
2022-04-19 14:56:57,684 INFO    SenderThread:26509 [file_pusher.py:finish():145] shutting down file pusher
2022-04-19 14:56:57,767 DEBUG   HandlerThread:26509 [handler.py:handle_request():141] handle_request: poll_exit
2022-04-19 14:56:57,768 DEBUG   SenderThread:26509 [sender.py:send_request():249] send_request: poll_exit
2022-04-19 14:56:57,870 DEBUG   HandlerThread:26509 [handler.py:handle_request():141] handle_request: poll_exit
2022-04-19 14:56:57,871 DEBUG   SenderThread:26509 [sender.py:send_request():249] send_request: poll_exit
2022-04-19 14:56:57,973 DEBUG   HandlerThread:26509 [handler.py:handle_request():141] handle_request: poll_exit
2022-04-19 14:56:57,976 DEBUG   SenderThread:26509 [sender.py:send_request():249] send_request: poll_exit
2022-04-19 14:56:58,083 DEBUG   HandlerThread:26509 [handler.py:handle_request():141] handle_request: poll_exit
2022-04-19 14:56:58,083 DEBUG   SenderThread:26509 [sender.py:send_request():249] send_request: poll_exit
2022-04-19 14:56:58,188 DEBUG   HandlerThread:26509 [handler.py:handle_request():141] handle_request: poll_exit
2022-04-19 14:56:58,188 DEBUG   SenderThread:26509 [sender.py:send_request():249] send_request: poll_exit
2022-04-19 14:56:58,267 INFO    Thread-16 :26509 [upload_job.py:push():137] Uploaded file /MOCOMSYS/dev/bong/WandB/wandb/run-20220419_145026-cy4xwr32/files/output.log
2022-04-19 14:56:58,290 DEBUG   HandlerThread:26509 [handler.py:handle_request():141] handle_request: poll_exit
2022-04-19 14:56:58,291 DEBUG   SenderThread:26509 [sender.py:send_request():249] send_request: poll_exit
2022-04-19 14:56:58,346 INFO    Thread-13 :26509 [upload_job.py:push():137] Uploaded file /MOCOMSYS/dev/bong/WandB/wandb/run-20220419_145026-cy4xwr32/files/wandb-summary.json
2022-04-19 14:56:58,380 INFO    Thread-12 :26509 [upload_job.py:push():137] Uploaded file /MOCOMSYS/dev/bong/WandB/wandb/run-20220419_145026-cy4xwr32/files/config.yaml
2022-04-19 14:56:58,381 INFO    Thread-15 :26509 [upload_job.py:push():137] Uploaded file /MOCOMSYS/dev/bong/WandB/wandb/run-20220419_145026-cy4xwr32/files/conda-environment.yaml
2022-04-19 14:56:58,396 INFO    Thread-14 :26509 [upload_job.py:push():137] Uploaded file /MOCOMSYS/dev/bong/WandB/wandb/run-20220419_145026-cy4xwr32/files/requirements.txt
2022-04-19 14:56:58,397 DEBUG   HandlerThread:26509 [handler.py:handle_request():141] handle_request: poll_exit
2022-04-19 14:56:58,400 DEBUG   SenderThread:26509 [sender.py:send_request():249] send_request: poll_exit
2022-04-19 14:56:58,503 DEBUG   HandlerThread:26509 [handler.py:handle_request():141] handle_request: poll_exit
2022-04-19 14:56:58,503 DEBUG   SenderThread:26509 [sender.py:send_request():249] send_request: poll_exit
2022-04-19 14:56:58,597 INFO    Thread-6  :26509 [sender.py:transition_state():392] send defer: 8
2022-04-19 14:56:58,598 DEBUG   HandlerThread:26509 [handler.py:handle_request():141] handle_request: defer
2022-04-19 14:56:58,598 INFO    HandlerThread:26509 [handler.py:handle_request_defer():164] handle defer: 8
2022-04-19 14:56:58,599 DEBUG   SenderThread:26509 [sender.py:send_request():249] send_request: defer
2022-04-19 14:56:58,599 INFO    SenderThread:26509 [sender.py:send_request_defer():388] handle sender defer: 8
2022-04-19 14:56:58,605 DEBUG   HandlerThread:26509 [handler.py:handle_request():141] handle_request: poll_exit
2022-04-19 14:56:59,013 INFO    SenderThread:26509 [sender.py:transition_state():392] send defer: 9
2022-04-19 14:56:59,014 DEBUG   SenderThread:26509 [sender.py:send_request():249] send_request: poll_exit
2022-04-19 14:56:59,015 DEBUG   HandlerThread:26509 [handler.py:handle_request():141] handle_request: defer
2022-04-19 14:56:59,015 INFO    HandlerThread:26509 [handler.py:handle_request_defer():164] handle defer: 9
2022-04-19 14:56:59,015 DEBUG   SenderThread:26509 [sender.py:send_request():249] send_request: defer
2022-04-19 14:56:59,015 INFO    SenderThread:26509 [sender.py:send_request_defer():388] handle sender defer: 9
2022-04-19 14:56:59,016 INFO    SenderThread:26509 [sender.py:transition_state():392] send defer: 10
2022-04-19 14:56:59,017 DEBUG   HandlerThread:26509 [handler.py:handle_request():141] handle_request: defer
2022-04-19 14:56:59,017 DEBUG   SenderThread:26509 [sender.py:send():235] send: final
2022-04-19 14:56:59,017 INFO    HandlerThread:26509 [handler.py:handle_request_defer():164] handle defer: 10
2022-04-19 14:56:59,017 DEBUG   SenderThread:26509 [sender.py:send():235] send: footer
2022-04-19 14:56:59,018 DEBUG   SenderThread:26509 [sender.py:send_request():249] send_request: defer
2022-04-19 14:56:59,018 INFO    SenderThread:26509 [sender.py:send_request_defer():388] handle sender defer: 10
2022-04-19 14:56:59,116 DEBUG   HandlerThread:26509 [handler.py:handle_request():141] handle_request: poll_exit
2022-04-19 14:56:59,117 DEBUG   SenderThread:26509 [sender.py:send_request():249] send_request: poll_exit
2022-04-19 14:56:59,117 INFO    SenderThread:26509 [file_pusher.py:join():150] waiting for file pusher
2022-04-19 14:57:00,645 DEBUG   HandlerThread:26509 [handler.py:handle_request():141] handle_request: sampled_history
2022-04-19 14:57:00,648 DEBUG   HandlerThread:26509 [handler.py:handle_request():141] handle_request: get_summary
2022-04-19 14:57:00,650 DEBUG   HandlerThread:26509 [handler.py:handle_request():141] handle_request: shutdown
2022-04-19 14:57:00,650 INFO    HandlerThread:26509 [handler.py:finish():790] shutting down handler
2022-04-19 14:57:01,018 INFO    WriterThread:26509 [datastore.py:close():281] close: /MOCOMSYS/dev/bong/WandB/wandb/run-20220419_145026-cy4xwr32/run-cy4xwr32.wandb
2022-04-19 14:57:01,542 INFO    SenderThread:26509 [sender.py:finish():1107] shutting down sender
2022-04-19 14:57:01,543 INFO    SenderThread:26509 [file_pusher.py:finish():145] shutting down file pusher
2022-04-19 14:57:01,543 INFO    SenderThread:26509 [file_pusher.py:join():150] waiting for file pusher
2022-04-19 14:57:01,547 INFO    MainThread:26509 [internal.py:handle_exit():82] Internal process exited
